2024-09-08T03:14:18.806-03:00 - error: Unable to run server: SequelizeConnectionRefusedError: connect ECONNREFUSED 127.0.0.1:3306 - server.ts)
2024-09-08T03:14:48.141-03:00 - error: Unable to run server: SequelizeConnectionRefusedError: connect ECONNREFUSED 127.0.0.1:3306 - server.ts)
2024-09-08T14:30:58.267-03:00 - info: Server is running on http://localhost:3000)
2024-09-08T14:32:20.318-03:00 - info: Server is running on http://localhost:3000)
2024-09-08T14:33:35.548-03:00 - info: Server is running on http://localhost:3000)
2024-09-08T14:38:12.076-03:00 - info: Server is running on http://localhost:3000)
2024-09-08T14:42:04.175-03:00 - info: Server is running on http://localhost:3000)
2024-09-08T14:42:06.585-03:00 - info: Server is running on http://localhost:3000)
2024-09-08T14:42:08.867-03:00 - info: Server is running on http://localhost:3000)
2024-09-08T14:42:13.267-03:00 - info: Server is running on http://localhost:3000)
2024-09-08T14:42:14.875-03:00 - info: Server is running on http://localhost:3000)
2024-09-08T14:42:18.889-03:00 - error: uncaughtException: write EPIPE
Error: write EPIPE
    at process.target._send (node:internal/child_process:879:20)
    at process.target.send (node:internal/child_process:752:19)
    at Object.exports.send (/home/Documents/Repository/gestaoDeTarefasTS/backend/node_modules/ts-node-dev/lib/ipc.js:17:14)
    at /home/Documents/Repository/gestaoDeTarefasTS/backend/node_modules/ts-node-dev/lib/wrap.js:88:9
    at Object.nodeDevHook [as .js] (/home/Documents/Repository/gestaoDeTarefasTS/backend/node_modules/ts-node-dev/lib/hook.js:61:17)
    at Module.load (node:internal/modules/cjs/loader:1288:32)
    at Function.Module._load (node:internal/modules/cjs/loader:1104:12)
    at Module.require (node:internal/modules/cjs/loader:1311:19)
    at require (node:internal/modules/helpers:179:18)
    at ClientHandshake.handshakeResult (/home/Documents/Repository/gestaoDeTarefasTS/backend/node_modules/mysql2/lib/commands/client_handshake.js:177:26))
2024-09-08T14:42:27.213-03:00 - info: Server is running on http://localhost:3000)
2024-09-08T14:42:35.715-03:00 - info: Server is running on http://localhost:3000)
2024-09-08T14:42:37.363-03:00 - info: Server is running on http://localhost:3000)
2024-09-08T14:42:39.990-03:00 - info: Server is running on http://localhost:3000)
2024-09-08T14:43:10.096-03:00 - info: Server is running on http://localhost:3000)
2024-09-08T14:43:35.185-03:00 - info: Server is running on http://localhost:3000)
2024-09-08T14:47:07.331-03:00 - info: Server is running on http://localhost:3000)
2024-09-08T14:49:28.610-03:00 - info: Server is running on http://localhost:3000)
2024-09-08T14:52:42.655-03:00 - info: Server is running on http://localhost:3000)
2024-09-08T14:52:52.816-03:00 - info: Server is running on http://localhost:3000)
2024-09-08T14:52:57.271-03:00 - info: Server is running on http://localhost:3000)
2024-09-08T14:53:11.935-03:00 - info: Server is running on http://localhost:3000)
2024-09-08T14:53:19.425-03:00 - info: Server is running on http://localhost:3000)
2024-09-08T14:54:14.874-03:00 - info: Server is running on http://localhost:3000)
2024-09-08T14:54:40.025-03:00 - info: Server is running on http://localhost:3000)
2024-09-08T14:54:46.057-03:00 - info: Server is running on http://localhost:3000)
2024-09-08T14:54:47.001-03:00 - info: Server is running on http://localhost:3000)
2024-09-08T14:55:08.955-03:00 - info: Server is running on http://localhost:3000)
2024-09-08T14:55:10.133-03:00 - info: Server is running on http://localhost:3000)
2024-09-08T14:55:12.097-03:00 - info: Server is running on http://localhost:3000)
2024-09-08T14:55:14.056-03:00 - info: Server is running on http://localhost:3000)
2024-09-08T14:55:27.707-03:00 - info: Server is running on http://localhost:3000)
2024-09-08T14:57:21.299-03:00 - info: Server is running on http://localhost:3000)
2024-09-08T14:57:37.924-03:00 - info: Server is running on http://localhost:3000)
2024-09-08T14:57:47.405-03:00 - info: Server is running on http://localhost:3000)
2024-09-08T15:30:43.028-03:00 - info: Server is running on http://localhost:3000)
2024-09-08T15:42:50.154-03:00 - info: Server is running on http://localhost:3000)
2024-09-08T15:42:51.356-03:00 - info: Server is running on http://localhost:3000)
2024-09-08T15:42:53.503-03:00 - info: Server is running on http://localhost:3000)
2024-09-08T15:55:19.220-03:00 - info: Server is running on http://localhost:3000)
2024-09-08T15:57:25.822-03:00 - info: Server is running on http://localhost:3000)
2024-09-08T16:00:31.820-03:00 - info: Server is running on http://localhost:3000)
2024-09-08T16:04:08.862-03:00 - info: Server is running on http://localhost:3000)
2024-09-08T16:05:00.029-03:00 - info: Server is running on http://localhost:3000)
2024-09-08T16:11:20.272-03:00 - info: Server is running on http://localhost:3000)
2024-09-08T16:11:21.667-03:00 - info: Server is running on http://localhost:3000)
2024-09-08T16:13:37.724-03:00 - info: Server is running on http://localhost:3000)
2024-09-08T16:14:06.019-03:00 - info: Server is running on http://localhost:3000)
2024-09-08T16:14:18.560-03:00 - info: Server is running on http://localhost:3000)
2024-09-08T16:14:19.621-03:00 - info: Server is running on http://localhost:3000)
2024-09-08T16:14:20.604-03:00 - info: Server is running on http://localhost:3000)
2024-09-08T16:14:53.479-03:00 - info: Server is running on http://localhost:3000)
2024-09-08T16:14:59.349-03:00 - info: Server is running on http://localhost:3000)
2024-09-08T16:15:02.577-03:00 - info: Server is running on http://localhost:3000)
2024-09-08T16:16:16.163-03:00 - info: Server is running on http://localhost:3000)
2024-09-08T16:16:35.266-03:00 - info: Server is running on http://localhost:3000)
2024-09-08T16:17:18.624-03:00 - info: Server is running on http://localhost:3000)
2024-09-08T16:18:41.772-03:00 - info: Server is running on http://localhost:3000)
2024-09-08T16:20:03.978-03:00 - info: Server is running on http://localhost:3000)
2024-09-08T16:20:10.977-03:00 - info: Server is running on http://localhost:3000)
2024-09-08T16:20:12.727-03:00 - info: Server is running on http://localhost:3000)
2024-09-08T16:20:16.230-03:00 - info: Server is running on http://localhost:3000)
2024-09-08T16:20:25.263-03:00 - info: Server is running on http://localhost:3000)
2024-09-08T16:25:04.554-03:00 - info: Server is running on http://localhost:3000)
2024-09-08T16:38:31.635-03:00 - info: Server is running on http://localhost:3000)
2024-09-08T21:49:14.171-03:00 - info: Server is running on http://localhost:3000)
2024-09-08T21:52:57.392-03:00 - info: Server is running on http://localhost:3000)
